2025-12-30 00:05:44 [restartedMain] INFO  c.e.a.AnalyseComportementSpectateursCan2025Application - Starting AnalyseComportementSpectateursCan2025Application using Java 21.0.1 with PID 10264 (H:\apps\IdeaProjects\analyse_comportement_spectateurs\target\classes started by lenovo in H:\apps\IdeaProjects\analyse_comportement_spectateurs)
2025-12-30 00:05:44 [restartedMain] INFO  c.e.a.AnalyseComportementSpectateursCan2025Application - No active profile set, falling back to 1 default profile: "default"
2025-12-30 00:05:44 [restartedMain] INFO  o.s.b.d.e.DevToolsPropertyDefaultsPostProcessor - Devtools property defaults active! Set 'spring.devtools.add-properties' to 'false' to disable
2025-12-30 00:05:45 [restartedMain] INFO  o.s.d.r.c.RepositoryConfigurationDelegate - Bootstrapping Spring Data JPA repositories in DEFAULT mode.
2025-12-30 00:05:45 [restartedMain] INFO  o.s.d.r.c.RepositoryConfigurationDelegate - Finished Spring Data repository scanning in 131 ms. Found 3 JPA repository interfaces.
2025-12-30 00:05:46 [restartedMain] WARN  o.s.c.s.PostProcessorRegistrationDelegate$BeanPostProcessorChecker - Bean 'org.springframework.boot.autoconfigure.jdbc.DataSourceConfiguration$Hikari' of type [org.springframework.boot.autoconfigure.jdbc.DataSourceConfiguration$Hikari] is not eligible for getting processed by all BeanPostProcessors (for example: not eligible for auto-proxying). Is this bean getting eagerly injected into a currently created BeanPostProcessor [jobRegistryBeanPostProcessor]? Check the corresponding BeanPostProcessor declaration and its dependencies.
2025-12-30 00:05:46 [restartedMain] WARN  o.s.c.s.PostProcessorRegistrationDelegate$BeanPostProcessorChecker - Bean 'spring.datasource-org.springframework.boot.autoconfigure.jdbc.DataSourceProperties' of type [org.springframework.boot.autoconfigure.jdbc.DataSourceProperties] is not eligible for getting processed by all BeanPostProcessors (for example: not eligible for auto-proxying). Is this bean getting eagerly injected into a currently created BeanPostProcessor [jobRegistryBeanPostProcessor]? Check the corresponding BeanPostProcessor declaration and its dependencies.
2025-12-30 00:05:46 [restartedMain] WARN  o.s.c.s.PostProcessorRegistrationDelegate$BeanPostProcessorChecker - Bean 'org.springframework.boot.autoconfigure.jdbc.DataSourceAutoConfiguration$PooledDataSourceConfiguration' of type [org.springframework.boot.autoconfigure.jdbc.DataSourceAutoConfiguration$PooledDataSourceConfiguration] is not eligible for getting processed by all BeanPostProcessors (for example: not eligible for auto-proxying). Is this bean getting eagerly injected into a currently created BeanPostProcessor [jobRegistryBeanPostProcessor]? Check the corresponding BeanPostProcessor declaration and its dependencies.
2025-12-30 00:05:46 [restartedMain] WARN  o.s.c.s.PostProcessorRegistrationDelegate$BeanPostProcessorChecker - Bean 'jdbcConnectionDetails' of type [org.springframework.boot.autoconfigure.jdbc.PropertiesJdbcConnectionDetails] is not eligible for getting processed by all BeanPostProcessors (for example: not eligible for auto-proxying). Is this bean getting eagerly injected into a currently created BeanPostProcessor [jobRegistryBeanPostProcessor]? Check the corresponding BeanPostProcessor declaration and its dependencies.
2025-12-30 00:05:46 [restartedMain] WARN  o.s.c.s.PostProcessorRegistrationDelegate$BeanPostProcessorChecker - Bean 'dataSource' of type [com.zaxxer.hikari.HikariDataSource] is not eligible for getting processed by all BeanPostProcessors (for example: not eligible for auto-proxying). Is this bean getting eagerly injected into a currently created BeanPostProcessor [jobRegistryBeanPostProcessor]? Check the corresponding BeanPostProcessor declaration and its dependencies.
2025-12-30 00:05:46 [restartedMain] WARN  o.s.c.s.PostProcessorRegistrationDelegate$BeanPostProcessorChecker - Bean 'spring.jpa-org.springframework.boot.autoconfigure.orm.jpa.JpaProperties' of type [org.springframework.boot.autoconfigure.orm.jpa.JpaProperties] is not eligible for getting processed by all BeanPostProcessors (for example: not eligible for auto-proxying). Is this bean getting eagerly injected into a currently created BeanPostProcessor [jobRegistryBeanPostProcessor]? Check the corresponding BeanPostProcessor declaration and its dependencies.
2025-12-30 00:05:46 [restartedMain] WARN  o.s.c.s.PostProcessorRegistrationDelegate$BeanPostProcessorChecker - Bean 'spring.jpa.hibernate-org.springframework.boot.autoconfigure.orm.jpa.HibernateProperties' of type [org.springframework.boot.autoconfigure.orm.jpa.HibernateProperties] is not eligible for getting processed by all BeanPostProcessors (for example: not eligible for auto-proxying). Is this bean getting eagerly injected into a currently created BeanPostProcessor [jobRegistryBeanPostProcessor]? Check the corresponding BeanPostProcessor declaration and its dependencies.
2025-12-30 00:05:46 [restartedMain] WARN  o.s.c.s.PostProcessorRegistrationDelegate$BeanPostProcessorChecker - Bean 'org.springframework.boot.autoconfigure.jdbc.metadata.DataSourcePoolMetadataProvidersConfiguration$HikariPoolDataSourceMetadataProviderConfiguration' of type [org.springframework.boot.autoconfigure.jdbc.metadata.DataSourcePoolMetadataProvidersConfiguration$HikariPoolDataSourceMetadataProviderConfiguration] is not eligible for getting processed by all BeanPostProcessors (for example: not eligible for auto-proxying). Is this bean getting eagerly injected into a currently created BeanPostProcessor [jobRegistryBeanPostProcessor]? Check the corresponding BeanPostProcessor declaration and its dependencies.
2025-12-30 00:05:46 [restartedMain] WARN  o.s.c.s.PostProcessorRegistrationDelegate$BeanPostProcessorChecker - Bean 'hikariPoolDataSourceMetadataProvider' of type [org.springframework.boot.autoconfigure.jdbc.metadata.DataSourcePoolMetadataProvidersConfiguration$HikariPoolDataSourceMetadataProviderConfiguration$$Lambda/0x0000022d2f359d60] is not eligible for getting processed by all BeanPostProcessors (for example: not eligible for auto-proxying). Is this bean getting eagerly injected into a currently created BeanPostProcessor [jobRegistryBeanPostProcessor]? Check the corresponding BeanPostProcessor declaration and its dependencies.
2025-12-30 00:05:46 [restartedMain] WARN  o.s.c.s.PostProcessorRegistrationDelegate$BeanPostProcessorChecker - Bean 'org.springframework.boot.autoconfigure.orm.jpa.HibernateJpaConfiguration' of type [org.springframework.boot.autoconfigure.orm.jpa.HibernateJpaConfiguration] is not eligible for getting processed by all BeanPostProcessors (for example: not eligible for auto-proxying). Is this bean getting eagerly injected into a currently created BeanPostProcessor [jobRegistryBeanPostProcessor]? Check the corresponding BeanPostProcessor declaration and its dependencies.
2025-12-30 00:05:46 [restartedMain] WARN  o.s.c.s.PostProcessorRegistrationDelegate$BeanPostProcessorChecker - Bean 'org.springframework.boot.autoconfigure.transaction.TransactionManagerCustomizationAutoConfiguration' of type [org.springframework.boot.autoconfigure.transaction.TransactionManagerCustomizationAutoConfiguration] is not eligible for getting processed by all BeanPostProcessors (for example: not eligible for auto-proxying). Is this bean getting eagerly injected into a currently created BeanPostProcessor [jobRegistryBeanPostProcessor]? Check the corresponding BeanPostProcessor declaration and its dependencies.
2025-12-30 00:05:46 [restartedMain] WARN  o.s.c.s.PostProcessorRegistrationDelegate$BeanPostProcessorChecker - Bean 'transactionExecutionListeners' of type [org.springframework.boot.autoconfigure.transaction.ExecutionListenersTransactionManagerCustomizer] is not eligible for getting processed by all BeanPostProcessors (for example: not eligible for auto-proxying). Is this bean getting eagerly injected into a currently created BeanPostProcessor [jobRegistryBeanPostProcessor]? Check the corresponding BeanPostProcessor declaration and its dependencies.
2025-12-30 00:05:46 [restartedMain] WARN  o.s.c.s.PostProcessorRegistrationDelegate$BeanPostProcessorChecker - Bean 'spring.transaction-org.springframework.boot.autoconfigure.transaction.TransactionProperties' of type [org.springframework.boot.autoconfigure.transaction.TransactionProperties] is not eligible for getting processed by all BeanPostProcessors (for example: not eligible for auto-proxying). Is this bean getting eagerly injected into a currently created BeanPostProcessor [jobRegistryBeanPostProcessor]? Check the corresponding BeanPostProcessor declaration and its dependencies.
2025-12-30 00:05:46 [restartedMain] WARN  o.s.c.s.PostProcessorRegistrationDelegate$BeanPostProcessorChecker - Bean 'platformTransactionManagerCustomizers' of type [org.springframework.boot.autoconfigure.transaction.TransactionManagerCustomizers] is not eligible for getting processed by all BeanPostProcessors (for example: not eligible for auto-proxying). Is this bean getting eagerly injected into a currently created BeanPostProcessor [jobRegistryBeanPostProcessor]? Check the corresponding BeanPostProcessor declaration and its dependencies.
2025-12-30 00:05:46 [restartedMain] WARN  o.s.c.s.PostProcessorRegistrationDelegate$BeanPostProcessorChecker - Bean 'org.springframework.boot.autoconfigure.sql.init.DataSourceInitializationConfiguration' of type [org.springframework.boot.autoconfigure.sql.init.DataSourceInitializationConfiguration] is not eligible for getting processed by all BeanPostProcessors (for example: not eligible for auto-proxying). Is this bean getting eagerly injected into a currently created BeanPostProcessor [jobRegistryBeanPostProcessor]? Check the corresponding BeanPostProcessor declaration and its dependencies.
2025-12-30 00:05:46 [restartedMain] WARN  o.s.c.s.PostProcessorRegistrationDelegate$BeanPostProcessorChecker - Bean 'spring.sql.init-org.springframework.boot.autoconfigure.sql.init.SqlInitializationProperties' of type [org.springframework.boot.autoconfigure.sql.init.SqlInitializationProperties] is not eligible for getting processed by all BeanPostProcessors (for example: not eligible for auto-proxying). Is this bean getting eagerly injected into a currently created BeanPostProcessor [jobRegistryBeanPostProcessor]? Check the corresponding BeanPostProcessor declaration and its dependencies.
2025-12-30 00:05:46 [restartedMain] INFO  com.zaxxer.hikari.HikariDataSource - HikariPool-1 - Starting...
2025-12-30 00:05:47 [restartedMain] INFO  com.zaxxer.hikari.pool.HikariPool - HikariPool-1 - Added connection com.mysql.cj.jdbc.ConnectionImpl@1cea1ae4
2025-12-30 00:05:47 [restartedMain] INFO  com.zaxxer.hikari.HikariDataSource - HikariPool-1 - Start completed.
2025-12-30 00:05:47 [restartedMain] WARN  o.s.c.s.PostProcessorRegistrationDelegate$BeanPostProcessorChecker - Bean 'dataSourceScriptDatabaseInitializer' of type [org.springframework.boot.autoconfigure.sql.init.SqlDataSourceScriptDatabaseInitializer] is not eligible for getting processed by all BeanPostProcessors (for example: not eligible for auto-proxying). Is this bean getting eagerly injected into a currently created BeanPostProcessor [jobRegistryBeanPostProcessor]? Check the corresponding BeanPostProcessor declaration and its dependencies.
2025-12-30 00:05:47 [restartedMain] WARN  o.s.c.s.PostProcessorRegistrationDelegate$BeanPostProcessorChecker - Bean 'org.springframework.boot.autoconfigure.batch.BatchAutoConfiguration$DataSourceInitializerConfiguration' of type [org.springframework.boot.autoconfigure.batch.BatchAutoConfiguration$DataSourceInitializerConfiguration] is not eligible for getting processed by all BeanPostProcessors (for example: not eligible for auto-proxying). Is this bean getting eagerly injected into a currently created BeanPostProcessor [jobRegistryBeanPostProcessor]? Check the corresponding BeanPostProcessor declaration and its dependencies.
2025-12-30 00:05:47 [restartedMain] WARN  o.s.c.s.PostProcessorRegistrationDelegate$BeanPostProcessorChecker - Bean 'spring.batch-org.springframework.boot.autoconfigure.batch.BatchProperties' of type [org.springframework.boot.autoconfigure.batch.BatchProperties] is not eligible for getting processed by all BeanPostProcessors (for example: not eligible for auto-proxying). Is this bean getting eagerly injected into a currently created BeanPostProcessor [jobRegistryBeanPostProcessor]? Check the corresponding BeanPostProcessor declaration and its dependencies.
2025-12-30 00:05:47 [restartedMain] WARN  o.s.c.s.PostProcessorRegistrationDelegate$BeanPostProcessorChecker - Bean 'batchDataSourceInitializer' of type [org.springframework.boot.autoconfigure.batch.BatchDataSourceScriptDatabaseInitializer] is not eligible for getting processed by all BeanPostProcessors (for example: not eligible for auto-proxying). Is this bean getting eagerly injected into a currently created BeanPostProcessor [jobRegistryBeanPostProcessor]? Check the corresponding BeanPostProcessor declaration and its dependencies.
2025-12-30 00:05:47 [restartedMain] WARN  o.s.c.s.PostProcessorRegistrationDelegate$BeanPostProcessorChecker - Bean 'org.springframework.boot.devtools.autoconfigure.DevToolsDataSourceAutoConfiguration' of type [org.springframework.boot.devtools.autoconfigure.DevToolsDataSourceAutoConfiguration] is not eligible for getting processed by all BeanPostProcessors (for example: not eligible for auto-proxying). Is this bean getting eagerly injected into a currently created BeanPostProcessor [jobRegistryBeanPostProcessor]? Check the corresponding BeanPostProcessor declaration and its dependencies.
2025-12-30 00:05:47 [restartedMain] WARN  o.s.c.s.PostProcessorRegistrationDelegate$BeanPostProcessorChecker - Bean 'inMemoryDatabaseShutdownExecutor' of type [org.springframework.boot.devtools.autoconfigure.DevToolsDataSourceAutoConfiguration$NonEmbeddedInMemoryDatabaseShutdownExecutor] is not eligible for getting processed by all BeanPostProcessors (for example: not eligible for auto-proxying). Is this bean getting eagerly injected into a currently created BeanPostProcessor [jobRegistryBeanPostProcessor]? Check the corresponding BeanPostProcessor declaration and its dependencies.
2025-12-30 00:05:47 [restartedMain] WARN  o.s.c.s.PostProcessorRegistrationDelegate$BeanPostProcessorChecker - Bean 'jpaVendorAdapter' of type [org.springframework.orm.jpa.vendor.HibernateJpaVendorAdapter] is not eligible for getting processed by all BeanPostProcessors (for example: not eligible for auto-proxying). Is this bean getting eagerly injected into a currently created BeanPostProcessor [jobRegistryBeanPostProcessor]? Check the corresponding BeanPostProcessor declaration and its dependencies.
2025-12-30 00:05:47 [restartedMain] WARN  o.s.c.s.PostProcessorRegistrationDelegate$BeanPostProcessorChecker - Bean 'entityManagerFactoryBuilder' of type [org.springframework.boot.orm.jpa.EntityManagerFactoryBuilder] is not eligible for getting processed by all BeanPostProcessors (for example: not eligible for auto-proxying). Is this bean getting eagerly injected into a currently created BeanPostProcessor [jobRegistryBeanPostProcessor]? Check the corresponding BeanPostProcessor declaration and its dependencies.
2025-12-30 00:05:47 [restartedMain] WARN  o.s.c.s.PostProcessorRegistrationDelegate$BeanPostProcessorChecker - Bean 'persistenceManagedTypes' of type [org.springframework.orm.jpa.persistenceunit.SimplePersistenceManagedTypes] is not eligible for getting processed by all BeanPostProcessors (for example: not eligible for auto-proxying). Is this bean getting eagerly injected into a currently created BeanPostProcessor [jobRegistryBeanPostProcessor]? Check the corresponding BeanPostProcessor declaration and its dependencies.
2025-12-30 00:05:47 [restartedMain] INFO  o.h.jpa.internal.util.LogHelper - HHH000204: Processing PersistenceUnitInfo [name: default]
2025-12-30 00:05:47 [restartedMain] INFO  org.hibernate.Version - HHH000412: Hibernate ORM core version 6.3.1.Final
2025-12-30 00:05:47 [restartedMain] INFO  o.h.c.i.RegionFactoryInitiator - HHH000026: Second-level cache disabled
2025-12-30 00:05:48 [restartedMain] INFO  o.s.o.j.p.SpringPersistenceUnitInfo - No LoadTimeWeaver setup: ignoring JPA class transformer
2025-12-30 00:05:48 [restartedMain] WARN  org.hibernate.orm.deprecation - HHH90000025: MySQL8Dialect does not need to be specified explicitly using 'hibernate.dialect' (remove the property setting and it will be selected by default)
2025-12-30 00:05:48 [restartedMain] WARN  org.hibernate.orm.deprecation - HHH90000026: MySQL8Dialect has been deprecated; use org.hibernate.dialect.MySQLDialect instead
2025-12-30 00:05:49 [restartedMain] INFO  o.h.e.t.j.p.i.JtaPlatformInitiator - HHH000489: No JTA platform available (set 'hibernate.transaction.jta.platform' to enable JTA platform integration)
2025-12-30 00:05:50 [restartedMain] INFO  o.s.o.j.LocalContainerEntityManagerFactoryBean - Initialized JPA EntityManagerFactory for persistence unit 'default'
2025-12-30 00:05:50 [restartedMain] WARN  o.s.c.s.PostProcessorRegistrationDelegate$BeanPostProcessorChecker - Bean 'entityManagerFactory' of type [org.springframework.orm.jpa.LocalContainerEntityManagerFactoryBean] is not eligible for getting processed by all BeanPostProcessors (for example: not eligible for auto-proxying). Is this bean getting eagerly injected into a currently created BeanPostProcessor [jobRegistryBeanPostProcessor]? Check the corresponding BeanPostProcessor declaration and its dependencies.
2025-12-30 00:05:50 [restartedMain] WARN  o.s.c.s.PostProcessorRegistrationDelegate$BeanPostProcessorChecker - Bean 'entityManagerFactory' of type [jdk.proxy4.$Proxy98] is not eligible for getting processed by all BeanPostProcessors (for example: not eligible for auto-proxying). Is this bean getting eagerly injected into a currently created BeanPostProcessor [jobRegistryBeanPostProcessor]? Check the corresponding BeanPostProcessor declaration and its dependencies.
2025-12-30 00:05:50 [restartedMain] WARN  o.s.c.s.PostProcessorRegistrationDelegate$BeanPostProcessorChecker - Bean 'transactionManager' of type [org.springframework.orm.jpa.JpaTransactionManager] is not eligible for getting processed by all BeanPostProcessors (for example: not eligible for auto-proxying). Is this bean getting eagerly injected into a currently created BeanPostProcessor [jobRegistryBeanPostProcessor]? Check the corresponding BeanPostProcessor declaration and its dependencies.
2025-12-30 00:05:50 [restartedMain] WARN  o.s.c.s.PostProcessorRegistrationDelegate$BeanPostProcessorChecker - Bean 'org.springframework.boot.autoconfigure.batch.BatchAutoConfiguration$SpringBootBatchConfiguration' of type [org.springframework.boot.autoconfigure.batch.BatchAutoConfiguration$SpringBootBatchConfiguration] is not eligible for getting processed by all BeanPostProcessors (for example: not eligible for auto-proxying). The currently created BeanPostProcessor [jobRegistryBeanPostProcessor] is declared through a non-static factory method on that class; consider declaring it as static instead.
2025-12-30 00:05:50 [restartedMain] INFO  o.s.d.j.r.query.QueryEnhancerFactory - Hibernate is in classpath; If applicable, HQL parser will be used.
2025-12-30 00:05:52 [restartedMain] DEBUG o.s.b.c.c.s.JobRegistryBeanPostProcessor - Registering job: spectatorAnalysisJob
2025-12-30 00:05:52 [restartedMain] INFO  o.s.b.d.a.OptionalLiveReloadServer - LiveReload server is running on port 35729
2025-12-30 00:05:52 [restartedMain] INFO  c.e.a.AnalyseComportementSpectateursCan2025Application - Started AnalyseComportementSpectateursCan2025Application in 9.299 seconds (process running for 11.899)
2025-12-30 00:05:52 [restartedMain] INFO  o.s.b.a.b.JobLauncherApplicationRunner - Running default command line with: []
2025-12-30 00:05:52 [restartedMain] INFO  o.s.b.c.l.support.SimpleJobLauncher - Job: [SimpleJob: [name=spectatorAnalysisJob]] launched with the following parameters: [{}]
2025-12-30 00:05:52 [restartedMain] DEBUG o.s.batch.core.job.AbstractJob - Job execution starting: JobExecution: id=15, version=0, startTime=null, endTime=null, lastUpdated=2025-12-30T00:05:52.454107100, status=STARTING, exitStatus=exitCode=UNKNOWN;exitDescription=, job=[JobInstance: id=1, version=0, Job=[spectatorAnalysisJob]], jobParameters=[{}]
2025-12-30 00:05:52 [restartedMain] INFO  o.s.batch.core.job.SimpleStepHandler - Step already complete or not restartable, so no action to execute: StepExecution: id=10, version=3, name=processJsonStep, status=COMPLETED, exitStatus=COMPLETED, readCount=0, filterCount=0, writeCount=0 readSkipCount=1, writeSkipCount=0, processSkipCount=0, commitCount=1, rollbackCount=0, exitDescription=
2025-12-30 00:05:52 [restartedMain] INFO  o.s.batch.core.job.SimpleStepHandler - Step already complete or not restartable, so no action to execute: StepExecution: id=15, version=3, name=processXmlStep, status=COMPLETED, exitStatus=COMPLETED, readCount=8, filterCount=0, writeCount=8 readSkipCount=0, writeSkipCount=0, processSkipCount=0, commitCount=1, rollbackCount=0, exitDescription=
2025-12-30 00:05:52 [restartedMain] DEBUG o.s.batch.core.job.AbstractJob - Upgrading JobExecution status: StepExecution: id=15, version=3, name=processXmlStep, status=COMPLETED, exitStatus=COMPLETED, readCount=8, filterCount=0, writeCount=8 readSkipCount=0, writeSkipCount=0, processSkipCount=0, commitCount=1, rollbackCount=0, exitDescription=
2025-12-30 00:05:52 [restartedMain] DEBUG o.s.batch.core.job.AbstractJob - Job execution complete: JobExecution: id=15, version=1, startTime=2025-12-30T00:05:52.537156200, endTime=null, lastUpdated=2025-12-30T00:05:52.538154700, status=COMPLETED, exitStatus=exitCode=COMPLETED;exitDescription=, job=[JobInstance: id=1, version=0, Job=[spectatorAnalysisJob]], jobParameters=[{}]
2025-12-30 00:05:52 [restartedMain] INFO  c.e.a.service.StatisticService - Début du calcul des statistiques dérivées
2025-12-30 00:05:52 [restartedMain] DEBUG org.hibernate.SQL - 
    select
        count(s1_0.spectator_id) 
    from
        spectators s1_0
2025-12-30 00:05:52 [restartedMain] DEBUG org.hibernate.SQL - 
    select
        s1_0.id,
        s1_0.calculated_at,
        s1_0.description,
        s1_0.stat_name,
        s1_0.stat_type,
        s1_0.stat_value 
    from
        statistics s1_0 
    where
        s1_0.stat_name=?
2025-12-30 00:05:52 [restartedMain] DEBUG org.hibernate.SQL - 
    insert 
    into
        statistics
        (calculated_at, description, stat_name, stat_type, stat_value) 
    values
        (?, ?, ?, ?, ?)
2025-12-30 00:05:52 [restartedMain] DEBUG org.hibernate.SQL - 
    select
        s1_0.nationality,
        count(s1_0.spectator_id) 
    from
        spectators s1_0 
    group by
        s1_0.nationality
2025-12-30 00:05:52 [restartedMain] DEBUG org.hibernate.SQL - 
    select
        s1_0.id,
        s1_0.calculated_at,
        s1_0.description,
        s1_0.stat_name,
        s1_0.stat_type,
        s1_0.stat_value 
    from
        statistics s1_0 
    where
        s1_0.stat_name=?
2025-12-30 00:05:52 [restartedMain] DEBUG org.hibernate.SQL - 
    insert 
    into
        statistics
        (calculated_at, description, stat_name, stat_type, stat_value) 
    values
        (?, ?, ?, ?, ?)
2025-12-30 00:05:52 [restartedMain] DEBUG org.hibernate.SQL - 
    select
        e1_0.ticket_type,
        count(e1_0.id) 
    from
        entries e1_0 
    group by
        e1_0.ticket_type
2025-12-30 00:05:52 [restartedMain] DEBUG org.hibernate.SQL - 
    select
        s1_0.id,
        s1_0.calculated_at,
        s1_0.description,
        s1_0.stat_name,
        s1_0.stat_type,
        s1_0.stat_value 
    from
        statistics s1_0 
    where
        s1_0.stat_name=?
2025-12-30 00:05:52 [restartedMain] DEBUG org.hibernate.SQL - 
    insert 
    into
        statistics
        (calculated_at, description, stat_name, stat_type, stat_value) 
    values
        (?, ?, ?, ?, ?)
2025-12-30 00:05:52 [restartedMain] DEBUG org.hibernate.SQL - 
    select
        e1_0.gate,
        count(e1_0.id) 
    from
        entries e1_0 
    group by
        e1_0.gate
2025-12-30 00:05:52 [restartedMain] DEBUG org.hibernate.SQL - 
    select
        s1_0.id,
        s1_0.calculated_at,
        s1_0.description,
        s1_0.stat_name,
        s1_0.stat_type,
        s1_0.stat_value 
    from
        statistics s1_0 
    where
        s1_0.stat_name=?
2025-12-30 00:05:52 [restartedMain] DEBUG org.hibernate.SQL - 
    insert 
    into
        statistics
        (calculated_at, description, stat_name, stat_type, stat_value) 
    values
        (?, ?, ?, ?, ?)
2025-12-30 00:05:52 [restartedMain] DEBUG org.hibernate.SQL - 
    select
        avg(hour(e1_0.entry_time)) 
    from
        entries e1_0
2025-12-30 00:05:52 [restartedMain] DEBUG org.hibernate.SQL - 
    select
        s1_0.id,
        s1_0.calculated_at,
        s1_0.description,
        s1_0.stat_name,
        s1_0.stat_type,
        s1_0.stat_value 
    from
        statistics s1_0 
    where
        s1_0.stat_name=?
2025-12-30 00:05:52 [restartedMain] DEBUG org.hibernate.SQL - 
    insert 
    into
        statistics
        (calculated_at, description, stat_name, stat_type, stat_value) 
    values
        (?, ?, ?, ?, ?)
2025-12-30 00:05:52 [restartedMain] DEBUG org.hibernate.SQL - 
    select
        s1_0.spectator_id,
        s1_0.age,
        s1_0.category,
        s1_0.nationality,
        s1_0.total_matches 
    from
        spectators s1_0 
    where
        s1_0.category=?
2025-12-30 00:05:53 [restartedMain] DEBUG org.hibernate.SQL - 
    select
        s1_0.spectator_id,
        s1_0.age,
        s1_0.category,
        s1_0.nationality,
        s1_0.total_matches 
    from
        spectators s1_0 
    where
        s1_0.category=?
2025-12-30 00:05:53 [restartedMain] DEBUG org.hibernate.SQL - 
    select
        s1_0.spectator_id,
        s1_0.age,
        s1_0.category,
        s1_0.nationality,
        s1_0.total_matches 
    from
        spectators s1_0 
    where
        s1_0.category=?
2025-12-30 00:05:53 [restartedMain] DEBUG org.hibernate.SQL - 
    select
        s1_0.spectator_id,
        s1_0.age,
        s1_0.category,
        s1_0.nationality,
        s1_0.total_matches 
    from
        spectators s1_0 
    where
        s1_0.category=?
2025-12-30 00:05:53 [restartedMain] DEBUG org.hibernate.SQL - 
    select
        s1_0.id,
        s1_0.calculated_at,
        s1_0.description,
        s1_0.stat_name,
        s1_0.stat_type,
        s1_0.stat_value 
    from
        statistics s1_0 
    where
        s1_0.stat_name=?
2025-12-30 00:05:53 [restartedMain] DEBUG org.hibernate.SQL - 
    insert 
    into
        statistics
        (calculated_at, description, stat_name, stat_type, stat_value) 
    values
        (?, ?, ?, ?, ?)
2025-12-30 00:05:53 [restartedMain] DEBUG org.hibernate.SQL - 
    select
        s1_0.spectator_id,
        s1_0.age,
        s1_0.category,
        s1_0.nationality,
        s1_0.total_matches 
    from
        spectators s1_0 
    order by
        s1_0.total_matches desc
2025-12-30 00:05:53 [restartedMain] DEBUG org.hibernate.SQL - 
    select
        s1_0.id,
        s1_0.calculated_at,
        s1_0.description,
        s1_0.stat_name,
        s1_0.stat_type,
        s1_0.stat_value 
    from
        statistics s1_0 
    where
        s1_0.stat_name=?
2025-12-30 00:05:53 [restartedMain] DEBUG org.hibernate.SQL - 
    insert 
    into
        statistics
        (calculated_at, description, stat_name, stat_type, stat_value) 
    values
        (?, ?, ?, ?, ?)
2025-12-30 00:05:53 [restartedMain] WARN  o.h.e.jdbc.spi.SqlExceptionHelper - SQL Error: 1406, SQLState: 22001
2025-12-30 00:05:53 [restartedMain] ERROR o.h.e.jdbc.spi.SqlExceptionHelper - Data truncation: Data too long for column 'stat_value' at row 1
2025-12-30 00:05:53 [restartedMain] ERROR c.e.a.service.StatisticService - Erreur lors de la sauvegarde de top_10_active_spectators: could not execute statement [Data truncation: Data too long for column 'stat_value' at row 1] [insert into statistics (calculated_at,description,stat_name,stat_type,stat_value) values (?,?,?,?,?)]; SQL [insert into statistics (calculated_at,description,stat_name,stat_type,stat_value) values (?,?,?,?,?)]
2025-12-30 00:05:53 [restartedMain] ERROR org.hibernate.AssertionFailure - HHH000099: an assertion failure occurred (this may indicate a bug in Hibernate, but is more likely due to unsafe use of the session): org.hibernate.AssertionFailure: null id in com.example.analyse_comportement_spectateurs.model.Entities.Statistic entry (don't flush the Session after an exception occurs)
2025-12-30 00:05:53 [restartedMain] ERROR c.e.a.service.StatisticService - Erreur lors du calcul des statistiques: null id in com.example.analyse_comportement_spectateurs.model.Entities.Statistic entry (don't flush the Session after an exception occurs)
org.hibernate.AssertionFailure: null id in com.example.analyse_comportement_spectateurs.model.Entities.Statistic entry (don't flush the Session after an exception occurs)
	at org.hibernate.event.internal.DefaultFlushEntityEventListener.checkId(DefaultFlushEntityEventListener.java:81)
	at org.hibernate.event.internal.DefaultFlushEntityEventListener.getValues(DefaultFlushEntityEventListener.java:177)
	at org.hibernate.event.internal.DefaultFlushEntityEventListener.onFlushEntity(DefaultFlushEntityEventListener.java:136)
	at org.hibernate.event.service.internal.EventListenerGroupImpl.fireEventOnEachListener(EventListenerGroupImpl.java:127)
	at org.hibernate.event.internal.AbstractFlushingEventListener.flushEntities(AbstractFlushingEventListener.java:226)
	at org.hibernate.event.internal.AbstractFlushingEventListener.flushEverythingToExecutions(AbstractFlushingEventListener.java:90)
	at org.hibernate.event.internal.DefaultAutoFlushEventListener.onAutoFlush(DefaultAutoFlushEventListener.java:48)
	at org.hibernate.event.service.internal.EventListenerGroupImpl.fireEventOnEachListener(EventListenerGroupImpl.java:127)
	at org.hibernate.internal.SessionImpl.autoFlushIfRequired(SessionImpl.java:1378)
	at org.hibernate.query.sqm.internal.ConcreteSqmSelectQueryPlan.lambda$new$0(ConcreteSqmSelectQueryPlan.java:107)
	at org.hibernate.query.sqm.internal.ConcreteSqmSelectQueryPlan.withCacheableSqmInterpretation(ConcreteSqmSelectQueryPlan.java:305)
	at org.hibernate.query.sqm.internal.ConcreteSqmSelectQueryPlan.performList(ConcreteSqmSelectQueryPlan.java:246)
	at org.hibernate.query.sqm.internal.QuerySqmImpl.doList(QuerySqmImpl.java:509)
	at org.hibernate.query.spi.AbstractSelectionQuery.list(AbstractSelectionQuery.java:427)
	at org.hibernate.query.Query.getResultList(Query.java:120)
	at org.springframework.data.jpa.repository.query.JpaQueryExecution$CollectionExecution.doExecute(JpaQueryExecution.java:129)
	at org.springframework.data.jpa.repository.query.JpaQueryExecution.execute(JpaQueryExecution.java:92)
	at org.springframework.data.jpa.repository.query.AbstractJpaQuery.doExecute(AbstractJpaQuery.java:149)
	at org.springframework.data.jpa.repository.query.AbstractJpaQuery.execute(AbstractJpaQuery.java:137)
	at org.springframework.data.repository.core.support.RepositoryMethodInvoker.doInvoke(RepositoryMethodInvoker.java:170)
	at org.springframework.data.repository.core.support.RepositoryMethodInvoker.invoke(RepositoryMethodInvoker.java:158)
	at org.springframework.data.repository.core.support.QueryExecutorMethodInterceptor.doInvoke(QueryExecutorMethodInterceptor.java:164)
	at org.springframework.data.repository.core.support.QueryExecutorMethodInterceptor.invoke(QueryExecutorMethodInterceptor.java:143)
	at org.springframework.aop.framework.ReflectiveMethodInvocation.proceed(ReflectiveMethodInvocation.java:184)
	at org.springframework.data.projection.DefaultMethodInvokingMethodInterceptor.invoke(DefaultMethodInvokingMethodInterceptor.java:70)
	at org.springframework.aop.framework.ReflectiveMethodInvocation.proceed(ReflectiveMethodInvocation.java:184)
	at org.springframework.transaction.interceptor.TransactionInterceptor$1.proceedWithInvocation(TransactionInterceptor.java:123)
	at org.springframework.transaction.interceptor.TransactionAspectSupport.invokeWithinTransaction(TransactionAspectSupport.java:385)
	at org.springframework.transaction.interceptor.TransactionInterceptor.invoke(TransactionInterceptor.java:119)
	at org.springframework.aop.framework.ReflectiveMethodInvocation.proceed(ReflectiveMethodInvocation.java:184)
	at org.springframework.dao.support.PersistenceExceptionTranslationInterceptor.invoke(PersistenceExceptionTranslationInterceptor.java:137)
	at org.springframework.aop.framework.ReflectiveMethodInvocation.proceed(ReflectiveMethodInvocation.java:184)
	at org.springframework.data.jpa.repository.support.CrudMethodMetadataPostProcessor$CrudMethodMetadataPopulatingMethodInterceptor.invoke(CrudMethodMetadataPostProcessor.java:135)
	at org.springframework.aop.framework.ReflectiveMethodInvocation.proceed(ReflectiveMethodInvocation.java:184)
	at org.springframework.aop.interceptor.ExposeInvocationInterceptor.invoke(ExposeInvocationInterceptor.java:97)
	at org.springframework.aop.framework.ReflectiveMethodInvocation.proceed(ReflectiveMethodInvocation.java:184)
	at org.springframework.aop.framework.JdkDynamicAopProxy.invoke(JdkDynamicAopProxy.java:249)
	at jdk.proxy4/jdk.proxy4.$Proxy107.countByTribune(Unknown Source)
	at com.example.analyse_comportement_spectateurs.service.StatisticService.calculateTribuneOccupancy(StatisticService.java:186)
	at com.example.analyse_comportement_spectateurs.service.StatisticService.calculateAllStatistics(StatisticService.java:52)
	at java.base/jdk.internal.reflect.DirectMethodHandleAccessor.invoke(DirectMethodHandleAccessor.java:103)
	at java.base/java.lang.reflect.Method.invoke(Method.java:580)
	at org.springframework.aop.support.AopUtils.invokeJoinpointUsingReflection(AopUtils.java:352)
	at org.springframework.aop.framework.ReflectiveMethodInvocation.invokeJoinpoint(ReflectiveMethodInvocation.java:196)
	at org.springframework.aop.framework.ReflectiveMethodInvocation.proceed(ReflectiveMethodInvocation.java:163)
	at org.springframework.aop.framework.CglibAopProxy$CglibMethodInvocation.proceed(CglibAopProxy.java:765)
	at org.springframework.transaction.interceptor.TransactionInterceptor$1.proceedWithInvocation(TransactionInterceptor.java:123)
	at org.springframework.transaction.interceptor.TransactionAspectSupport.invokeWithinTransaction(TransactionAspectSupport.java:385)
	at org.springframework.transaction.interceptor.TransactionInterceptor.invoke(TransactionInterceptor.java:119)
	at org.springframework.aop.framework.ReflectiveMethodInvocation.proceed(ReflectiveMethodInvocation.java:184)
	at org.springframework.aop.framework.CglibAopProxy$CglibMethodInvocation.proceed(CglibAopProxy.java:765)
	at org.springframework.aop.framework.CglibAopProxy$DynamicAdvisedInterceptor.intercept(CglibAopProxy.java:717)
	at com.example.analyse_comportement_spectateurs.service.StatisticService$$SpringCGLIB$$0.calculateAllStatistics(<generated>)
	at com.example.analyse_comportement_spectateurs.batch.listener.StatisticJobListener.afterJob(StatisticJobListener.java:19)
	at org.springframework.batch.core.listener.CompositeJobExecutionListener.afterJob(CompositeJobExecutionListener.java:60)
	at org.springframework.batch.core.job.AbstractJob.execute(AbstractJob.java:370)
	at org.springframework.batch.core.launch.support.SimpleJobLauncher$1.run(SimpleJobLauncher.java:157)
	at org.springframework.core.task.SyncTaskExecutor.execute(SyncTaskExecutor.java:50)
	at org.springframework.batch.core.launch.support.SimpleJobLauncher.run(SimpleJobLauncher.java:148)
	at org.springframework.batch.core.launch.support.TaskExecutorJobLauncher.run(TaskExecutorJobLauncher.java:59)
	at org.springframework.boot.autoconfigure.batch.JobLauncherApplicationRunner.execute(JobLauncherApplicationRunner.java:210)
	at org.springframework.boot.autoconfigure.batch.JobLauncherApplicationRunner.executeLocalJobs(JobLauncherApplicationRunner.java:194)
	at org.springframework.boot.autoconfigure.batch.JobLauncherApplicationRunner.launchJobFromProperties(JobLauncherApplicationRunner.java:174)
	at org.springframework.boot.autoconfigure.batch.JobLauncherApplicationRunner.run(JobLauncherApplicationRunner.java:169)
	at org.springframework.boot.autoconfigure.batch.JobLauncherApplicationRunner.run(JobLauncherApplicationRunner.java:164)
	at org.springframework.boot.SpringApplication.callRunner(SpringApplication.java:777)
	at org.springframework.boot.SpringApplication.lambda$callRunners$3(SpringApplication.java:767)
	at java.base/java.util.stream.ForEachOps$ForEachOp$OfRef.accept(ForEachOps.java:184)
	at java.base/java.util.stream.SortedOps$SizedRefSortingSink.end(SortedOps.java:357)
	at java.base/java.util.stream.AbstractPipeline.copyInto(AbstractPipeline.java:510)
	at java.base/java.util.stream.AbstractPipeline.wrapAndCopyInto(AbstractPipeline.java:499)
	at java.base/java.util.stream.ForEachOps$ForEachOp.evaluateSequential(ForEachOps.java:151)
	at java.base/java.util.stream.ForEachOps$ForEachOp$OfRef.evaluateSequential(ForEachOps.java:174)
	at java.base/java.util.stream.AbstractPipeline.evaluate(AbstractPipeline.java:234)
	at java.base/java.util.stream.ReferencePipeline.forEach(ReferencePipeline.java:596)
	at org.springframework.boot.SpringApplication.callRunners(SpringApplication.java:765)
	at org.springframework.boot.SpringApplication.run(SpringApplication.java:330)
	at org.springframework.boot.SpringApplication.run(SpringApplication.java:1342)
	at org.springframework.boot.SpringApplication.run(SpringApplication.java:1331)
	at com.example.analyse_comportement_spectateurs.AnalyseComportementSpectateursCan2025Application.main(AnalyseComportementSpectateursCan2025Application.java:10)
	at java.base/jdk.internal.reflect.DirectMethodHandleAccessor.invoke(DirectMethodHandleAccessor.java:103)
	at java.base/java.lang.reflect.Method.invoke(Method.java:580)
	at org.springframework.boot.devtools.restart.RestartLauncher.run(RestartLauncher.java:50)
2025-12-30 00:05:53 [restartedMain] ERROR o.s.batch.core.job.AbstractJob - Exception encountered in afterJob callback
org.hibernate.AssertionFailure: null id in com.example.analyse_comportement_spectateurs.model.Entities.Statistic entry (don't flush the Session after an exception occurs)
	at org.hibernate.event.internal.DefaultFlushEntityEventListener.checkId(DefaultFlushEntityEventListener.java:81)
	at org.hibernate.event.internal.DefaultFlushEntityEventListener.getValues(DefaultFlushEntityEventListener.java:177)
	at org.hibernate.event.internal.DefaultFlushEntityEventListener.onFlushEntity(DefaultFlushEntityEventListener.java:136)
	at org.hibernate.event.service.internal.EventListenerGroupImpl.fireEventOnEachListener(EventListenerGroupImpl.java:127)
	at org.hibernate.event.internal.AbstractFlushingEventListener.flushEntities(AbstractFlushingEventListener.java:226)
	at org.hibernate.event.internal.AbstractFlushingEventListener.flushEverythingToExecutions(AbstractFlushingEventListener.java:90)
	at org.hibernate.event.internal.DefaultAutoFlushEventListener.onAutoFlush(DefaultAutoFlushEventListener.java:48)
	at org.hibernate.event.service.internal.EventListenerGroupImpl.fireEventOnEachListener(EventListenerGroupImpl.java:127)
	at org.hibernate.internal.SessionImpl.autoFlushIfRequired(SessionImpl.java:1378)
	at org.hibernate.query.sqm.internal.ConcreteSqmSelectQueryPlan.lambda$new$0(ConcreteSqmSelectQueryPlan.java:107)
	at org.hibernate.query.sqm.internal.ConcreteSqmSelectQueryPlan.withCacheableSqmInterpretation(ConcreteSqmSelectQueryPlan.java:305)
	at org.hibernate.query.sqm.internal.ConcreteSqmSelectQueryPlan.performList(ConcreteSqmSelectQueryPlan.java:246)
	at org.hibernate.query.sqm.internal.QuerySqmImpl.doList(QuerySqmImpl.java:509)
	at org.hibernate.query.spi.AbstractSelectionQuery.list(AbstractSelectionQuery.java:427)
	at org.hibernate.query.Query.getResultList(Query.java:120)
	at org.springframework.data.jpa.repository.query.JpaQueryExecution$CollectionExecution.doExecute(JpaQueryExecution.java:129)
	at org.springframework.data.jpa.repository.query.JpaQueryExecution.execute(JpaQueryExecution.java:92)
	at org.springframework.data.jpa.repository.query.AbstractJpaQuery.doExecute(AbstractJpaQuery.java:149)
	at org.springframework.data.jpa.repository.query.AbstractJpaQuery.execute(AbstractJpaQuery.java:137)
	at org.springframework.data.repository.core.support.RepositoryMethodInvoker.doInvoke(RepositoryMethodInvoker.java:170)
	at org.springframework.data.repository.core.support.RepositoryMethodInvoker.invoke(RepositoryMethodInvoker.java:158)
	at org.springframework.data.repository.core.support.QueryExecutorMethodInterceptor.doInvoke(QueryExecutorMethodInterceptor.java:164)
	at org.springframework.data.repository.core.support.QueryExecutorMethodInterceptor.invoke(QueryExecutorMethodInterceptor.java:143)
	at org.springframework.aop.framework.ReflectiveMethodInvocation.proceed(ReflectiveMethodInvocation.java:184)
	at org.springframework.data.projection.DefaultMethodInvokingMethodInterceptor.invoke(DefaultMethodInvokingMethodInterceptor.java:70)
	at org.springframework.aop.framework.ReflectiveMethodInvocation.proceed(ReflectiveMethodInvocation.java:184)
	at org.springframework.transaction.interceptor.TransactionInterceptor$1.proceedWithInvocation(TransactionInterceptor.java:123)
	at org.springframework.transaction.interceptor.TransactionAspectSupport.invokeWithinTransaction(TransactionAspectSupport.java:385)
	at org.springframework.transaction.interceptor.TransactionInterceptor.invoke(TransactionInterceptor.java:119)
	at org.springframework.aop.framework.ReflectiveMethodInvocation.proceed(ReflectiveMethodInvocation.java:184)
	at org.springframework.dao.support.PersistenceExceptionTranslationInterceptor.invoke(PersistenceExceptionTranslationInterceptor.java:137)
	at org.springframework.aop.framework.ReflectiveMethodInvocation.proceed(ReflectiveMethodInvocation.java:184)
	at org.springframework.data.jpa.repository.support.CrudMethodMetadataPostProcessor$CrudMethodMetadataPopulatingMethodInterceptor.invoke(CrudMethodMetadataPostProcessor.java:135)
	at org.springframework.aop.framework.ReflectiveMethodInvocation.proceed(ReflectiveMethodInvocation.java:184)
	at org.springframework.aop.interceptor.ExposeInvocationInterceptor.invoke(ExposeInvocationInterceptor.java:97)
	at org.springframework.aop.framework.ReflectiveMethodInvocation.proceed(ReflectiveMethodInvocation.java:184)
	at org.springframework.aop.framework.JdkDynamicAopProxy.invoke(JdkDynamicAopProxy.java:249)
	at jdk.proxy4/jdk.proxy4.$Proxy107.countByTribune(Unknown Source)
	at com.example.analyse_comportement_spectateurs.service.StatisticService.calculateTribuneOccupancy(StatisticService.java:186)
	at com.example.analyse_comportement_spectateurs.service.StatisticService.calculateAllStatistics(StatisticService.java:52)
	at java.base/jdk.internal.reflect.DirectMethodHandleAccessor.invoke(DirectMethodHandleAccessor.java:103)
	at java.base/java.lang.reflect.Method.invoke(Method.java:580)
	at org.springframework.aop.support.AopUtils.invokeJoinpointUsingReflection(AopUtils.java:352)
	at org.springframework.aop.framework.ReflectiveMethodInvocation.invokeJoinpoint(ReflectiveMethodInvocation.java:196)
	at org.springframework.aop.framework.ReflectiveMethodInvocation.proceed(ReflectiveMethodInvocation.java:163)
	at org.springframework.aop.framework.CglibAopProxy$CglibMethodInvocation.proceed(CglibAopProxy.java:765)
	at org.springframework.transaction.interceptor.TransactionInterceptor$1.proceedWithInvocation(TransactionInterceptor.java:123)
	at org.springframework.transaction.interceptor.TransactionAspectSupport.invokeWithinTransaction(TransactionAspectSupport.java:385)
	at org.springframework.transaction.interceptor.TransactionInterceptor.invoke(TransactionInterceptor.java:119)
	at org.springframework.aop.framework.ReflectiveMethodInvocation.proceed(ReflectiveMethodInvocation.java:184)
	at org.springframework.aop.framework.CglibAopProxy$CglibMethodInvocation.proceed(CglibAopProxy.java:765)
	at org.springframework.aop.framework.CglibAopProxy$DynamicAdvisedInterceptor.intercept(CglibAopProxy.java:717)
	at com.example.analyse_comportement_spectateurs.service.StatisticService$$SpringCGLIB$$0.calculateAllStatistics(<generated>)
	at com.example.analyse_comportement_spectateurs.batch.listener.StatisticJobListener.afterJob(StatisticJobListener.java:19)
	at org.springframework.batch.core.listener.CompositeJobExecutionListener.afterJob(CompositeJobExecutionListener.java:60)
	at org.springframework.batch.core.job.AbstractJob.execute(AbstractJob.java:370)
	at org.springframework.batch.core.launch.support.SimpleJobLauncher$1.run(SimpleJobLauncher.java:157)
	at org.springframework.core.task.SyncTaskExecutor.execute(SyncTaskExecutor.java:50)
	at org.springframework.batch.core.launch.support.SimpleJobLauncher.run(SimpleJobLauncher.java:148)
	at org.springframework.batch.core.launch.support.TaskExecutorJobLauncher.run(TaskExecutorJobLauncher.java:59)
	at org.springframework.boot.autoconfigure.batch.JobLauncherApplicationRunner.execute(JobLauncherApplicationRunner.java:210)
	at org.springframework.boot.autoconfigure.batch.JobLauncherApplicationRunner.executeLocalJobs(JobLauncherApplicationRunner.java:194)
	at org.springframework.boot.autoconfigure.batch.JobLauncherApplicationRunner.launchJobFromProperties(JobLauncherApplicationRunner.java:174)
	at org.springframework.boot.autoconfigure.batch.JobLauncherApplicationRunner.run(JobLauncherApplicationRunner.java:169)
	at org.springframework.boot.autoconfigure.batch.JobLauncherApplicationRunner.run(JobLauncherApplicationRunner.java:164)
	at org.springframework.boot.SpringApplication.callRunner(SpringApplication.java:777)
	at org.springframework.boot.SpringApplication.lambda$callRunners$3(SpringApplication.java:767)
	at java.base/java.util.stream.ForEachOps$ForEachOp$OfRef.accept(ForEachOps.java:184)
	at java.base/java.util.stream.SortedOps$SizedRefSortingSink.end(SortedOps.java:357)
	at java.base/java.util.stream.AbstractPipeline.copyInto(AbstractPipeline.java:510)
	at java.base/java.util.stream.AbstractPipeline.wrapAndCopyInto(AbstractPipeline.java:499)
	at java.base/java.util.stream.ForEachOps$ForEachOp.evaluateSequential(ForEachOps.java:151)
	at java.base/java.util.stream.ForEachOps$ForEachOp$OfRef.evaluateSequential(ForEachOps.java:174)
	at java.base/java.util.stream.AbstractPipeline.evaluate(AbstractPipeline.java:234)
	at java.base/java.util.stream.ReferencePipeline.forEach(ReferencePipeline.java:596)
	at org.springframework.boot.SpringApplication.callRunners(SpringApplication.java:765)
	at org.springframework.boot.SpringApplication.run(SpringApplication.java:330)
	at org.springframework.boot.SpringApplication.run(SpringApplication.java:1342)
	at org.springframework.boot.SpringApplication.run(SpringApplication.java:1331)
	at com.example.analyse_comportement_spectateurs.AnalyseComportementSpectateursCan2025Application.main(AnalyseComportementSpectateursCan2025Application.java:10)
	at java.base/jdk.internal.reflect.DirectMethodHandleAccessor.invoke(DirectMethodHandleAccessor.java:103)
	at java.base/java.lang.reflect.Method.invoke(Method.java:580)
	at org.springframework.boot.devtools.restart.RestartLauncher.run(RestartLauncher.java:50)
2025-12-30 00:05:53 [restartedMain] INFO  o.s.b.c.l.support.SimpleJobLauncher - Job: [SimpleJob: [name=spectatorAnalysisJob]] completed with the following parameters: [{}] and the following status: [COMPLETED] in 45ms
2025-12-30 00:05:53 [SpringApplicationShutdownHook] WARN  o.s.b.f.s.DisposableBeanAdapter - Custom destroy method 'close' on bean with name 'jsonItemReader' propagated an exception: org.springframework.batch.item.ItemStreamException: Error while closing item reader
2025-12-30 00:05:53 [SpringApplicationShutdownHook] DEBUG o.s.b.c.c.s.JobRegistryBeanPostProcessor - Unregistering job: spectatorAnalysisJob
2025-12-30 00:05:53 [SpringApplicationShutdownHook] INFO  o.s.o.j.LocalContainerEntityManagerFactoryBean - Closing JPA EntityManagerFactory for persistence unit 'default'
2025-12-30 00:05:53 [SpringApplicationShutdownHook] INFO  com.zaxxer.hikari.HikariDataSource - HikariPool-1 - Shutdown initiated...
2025-12-30 00:05:53 [SpringApplicationShutdownHook] INFO  com.zaxxer.hikari.HikariDataSource - HikariPool-1 - Shutdown completed.
2025-12-30 00:11:35 [restartedMain] INFO  c.e.a.AnalyseComportementSpectateursCan2025Application - Starting AnalyseComportementSpectateursCan2025Application using Java 21.0.1 with PID 9460 (H:\apps\IdeaProjects\analyse_comportement_spectateurs\target\classes started by lenovo in H:\apps\IdeaProjects\analyse_comportement_spectateurs)
2025-12-30 00:11:35 [restartedMain] INFO  c.e.a.AnalyseComportementSpectateursCan2025Application - No active profile set, falling back to 1 default profile: "default"
2025-12-30 00:11:35 [restartedMain] INFO  o.s.b.d.e.DevToolsPropertyDefaultsPostProcessor - Devtools property defaults active! Set 'spring.devtools.add-properties' to 'false' to disable
2025-12-30 00:11:37 [restartedMain] INFO  o.s.d.r.c.RepositoryConfigurationDelegate - Bootstrapping Spring Data JPA repositories in DEFAULT mode.
2025-12-30 00:11:37 [restartedMain] INFO  o.s.d.r.c.RepositoryConfigurationDelegate - Finished Spring Data repository scanning in 97 ms. Found 3 JPA repository interfaces.
2025-12-30 00:11:37 [restartedMain] WARN  o.s.c.s.PostProcessorRegistrationDelegate$BeanPostProcessorChecker - Bean 'org.springframework.boot.autoconfigure.jdbc.DataSourceConfiguration$Hikari' of type [org.springframework.boot.autoconfigure.jdbc.DataSourceConfiguration$Hikari] is not eligible for getting processed by all BeanPostProcessors (for example: not eligible for auto-proxying). Is this bean getting eagerly injected into a currently created BeanPostProcessor [jobRegistryBeanPostProcessor]? Check the corresponding BeanPostProcessor declaration and its dependencies.
2025-12-30 00:11:37 [restartedMain] WARN  o.s.c.s.PostProcessorRegistrationDelegate$BeanPostProcessorChecker - Bean 'spring.datasource-org.springframework.boot.autoconfigure.jdbc.DataSourceProperties' of type [org.springframework.boot.autoconfigure.jdbc.DataSourceProperties] is not eligible for getting processed by all BeanPostProcessors (for example: not eligible for auto-proxying). Is this bean getting eagerly injected into a currently created BeanPostProcessor [jobRegistryBeanPostProcessor]? Check the corresponding BeanPostProcessor declaration and its dependencies.
2025-12-30 00:11:37 [restartedMain] WARN  o.s.c.s.PostProcessorRegistrationDelegate$BeanPostProcessorChecker - Bean 'org.springframework.boot.autoconfigure.jdbc.DataSourceAutoConfiguration$PooledDataSourceConfiguration' of type [org.springframework.boot.autoconfigure.jdbc.DataSourceAutoConfiguration$PooledDataSourceConfiguration] is not eligible for getting processed by all BeanPostProcessors (for example: not eligible for auto-proxying). Is this bean getting eagerly injected into a currently created BeanPostProcessor [jobRegistryBeanPostProcessor]? Check the corresponding BeanPostProcessor declaration and its dependencies.
2025-12-30 00:11:37 [restartedMain] WARN  o.s.c.s.PostProcessorRegistrationDelegate$BeanPostProcessorChecker - Bean 'jdbcConnectionDetails' of type [org.springframework.boot.autoconfigure.jdbc.PropertiesJdbcConnectionDetails] is not eligible for getting processed by all BeanPostProcessors (for example: not eligible for auto-proxying). Is this bean getting eagerly injected into a currently created BeanPostProcessor [jobRegistryBeanPostProcessor]? Check the corresponding BeanPostProcessor declaration and its dependencies.
2025-12-30 00:11:37 [restartedMain] WARN  o.s.c.s.PostProcessorRegistrationDelegate$BeanPostProcessorChecker - Bean 'dataSource' of type [com.zaxxer.hikari.HikariDataSource] is not eligible for getting processed by all BeanPostProcessors (for example: not eligible for auto-proxying). Is this bean getting eagerly injected into a currently created BeanPostProcessor [jobRegistryBeanPostProcessor]? Check the corresponding BeanPostProcessor declaration and its dependencies.
2025-12-30 00:11:37 [restartedMain] WARN  o.s.c.s.PostProcessorRegistrationDelegate$BeanPostProcessorChecker - Bean 'spring.jpa-org.springframework.boot.autoconfigure.orm.jpa.JpaProperties' of type [org.springframework.boot.autoconfigure.orm.jpa.JpaProperties] is not eligible for getting processed by all BeanPostProcessors (for example: not eligible for auto-proxying). Is this bean getting eagerly injected into a currently created BeanPostProcessor [jobRegistryBeanPostProcessor]? Check the corresponding BeanPostProcessor declaration and its dependencies.
2025-12-30 00:11:37 [restartedMain] WARN  o.s.c.s.PostProcessorRegistrationDelegate$BeanPostProcessorChecker - Bean 'spring.jpa.hibernate-org.springframework.boot.autoconfigure.orm.jpa.HibernateProperties' of type [org.springframework.boot.autoconfigure.orm.jpa.HibernateProperties] is not eligible for getting processed by all BeanPostProcessors (for example: not eligible for auto-proxying). Is this bean getting eagerly injected into a currently created BeanPostProcessor [jobRegistryBeanPostProcessor]? Check the corresponding BeanPostProcessor declaration and its dependencies.
2025-12-30 00:11:37 [restartedMain] WARN  o.s.c.s.PostProcessorRegistrationDelegate$BeanPostProcessorChecker - Bean 'org.springframework.boot.autoconfigure.jdbc.metadata.DataSourcePoolMetadataProvidersConfiguration$HikariPoolDataSourceMetadataProviderConfiguration' of type [org.springframework.boot.autoconfigure.jdbc.metadata.DataSourcePoolMetadataProvidersConfiguration$HikariPoolDataSourceMetadataProviderConfiguration] is not eligible for getting processed by all BeanPostProcessors (for example: not eligible for auto-proxying). Is this bean getting eagerly injected into a currently created BeanPostProcessor [jobRegistryBeanPostProcessor]? Check the corresponding BeanPostProcessor declaration and its dependencies.
2025-12-30 00:11:37 [restartedMain] WARN  o.s.c.s.PostProcessorRegistrationDelegate$BeanPostProcessorChecker - Bean 'hikariPoolDataSourceMetadataProvider' of type [org.springframework.boot.autoconfigure.jdbc.metadata.DataSourcePoolMetadataProvidersConfiguration$HikariPoolDataSourceMetadataProviderConfiguration$$Lambda/0x0000014486359820] is not eligible for getting processed by all BeanPostProcessors (for example: not eligible for auto-proxying). Is this bean getting eagerly injected into a currently created BeanPostProcessor [jobRegistryBeanPostProcessor]? Check the corresponding BeanPostProcessor declaration and its dependencies.
2025-12-30 00:11:37 [restartedMain] WARN  o.s.c.s.PostProcessorRegistrationDelegate$BeanPostProcessorChecker - Bean 'org.springframework.boot.autoconfigure.orm.jpa.HibernateJpaConfiguration' of type [org.springframework.boot.autoconfigure.orm.jpa.HibernateJpaConfiguration] is not eligible for getting processed by all BeanPostProcessors (for example: not eligible for auto-proxying). Is this bean getting eagerly injected into a currently created BeanPostProcessor [jobRegistryBeanPostProcessor]? Check the corresponding BeanPostProcessor declaration and its dependencies.
2025-12-30 00:11:37 [restartedMain] WARN  o.s.c.s.PostProcessorRegistrationDelegate$BeanPostProcessorChecker - Bean 'org.springframework.boot.autoconfigure.transaction.TransactionManagerCustomizationAutoConfiguration' of type [org.springframework.boot.autoconfigure.transaction.TransactionManagerCustomizationAutoConfiguration] is not eligible for getting processed by all BeanPostProcessors (for example: not eligible for auto-proxying). Is this bean getting eagerly injected into a currently created BeanPostProcessor [jobRegistryBeanPostProcessor]? Check the corresponding BeanPostProcessor declaration and its dependencies.
2025-12-30 00:11:37 [restartedMain] WARN  o.s.c.s.PostProcessorRegistrationDelegate$BeanPostProcessorChecker - Bean 'transactionExecutionListeners' of type [org.springframework.boot.autoconfigure.transaction.ExecutionListenersTransactionManagerCustomizer] is not eligible for getting processed by all BeanPostProcessors (for example: not eligible for auto-proxying). Is this bean getting eagerly injected into a currently created BeanPostProcessor [jobRegistryBeanPostProcessor]? Check the corresponding BeanPostProcessor declaration and its dependencies.
2025-12-30 00:11:37 [restartedMain] WARN  o.s.c.s.PostProcessorRegistrationDelegate$BeanPostProcessorChecker - Bean 'spring.transaction-org.springframework.boot.autoconfigure.transaction.TransactionProperties' of type [org.springframework.boot.autoconfigure.transaction.TransactionProperties] is not eligible for getting processed by all BeanPostProcessors (for example: not eligible for auto-proxying). Is this bean getting eagerly injected into a currently created BeanPostProcessor [jobRegistryBeanPostProcessor]? Check the corresponding BeanPostProcessor declaration and its dependencies.
2025-12-30 00:11:37 [restartedMain] WARN  o.s.c.s.PostProcessorRegistrationDelegate$BeanPostProcessorChecker - Bean 'platformTransactionManagerCustomizers' of type [org.springframework.boot.autoconfigure.transaction.TransactionManagerCustomizers] is not eligible for getting processed by all BeanPostProcessors (for example: not eligible for auto-proxying). Is this bean getting eagerly injected into a currently created BeanPostProcessor [jobRegistryBeanPostProcessor]? Check the corresponding BeanPostProcessor declaration and its dependencies.
2025-12-30 00:11:37 [restartedMain] WARN  o.s.c.s.PostProcessorRegistrationDelegate$BeanPostProcessorChecker - Bean 'org.springframework.boot.autoconfigure.sql.init.DataSourceInitializationConfiguration' of type [org.springframework.boot.autoconfigure.sql.init.DataSourceInitializationConfiguration] is not eligible for getting processed by all BeanPostProcessors (for example: not eligible for auto-proxying). Is this bean getting eagerly injected into a currently created BeanPostProcessor [jobRegistryBeanPostProcessor]? Check the corresponding BeanPostProcessor declaration and its dependencies.
2025-12-30 00:11:37 [restartedMain] WARN  o.s.c.s.PostProcessorRegistrationDelegate$BeanPostProcessorChecker - Bean 'spring.sql.init-org.springframework.boot.autoconfigure.sql.init.SqlInitializationProperties' of type [org.springframework.boot.autoconfigure.sql.init.SqlInitializationProperties] is not eligible for getting processed by all BeanPostProcessors (for example: not eligible for auto-proxying). Is this bean getting eagerly injected into a currently created BeanPostProcessor [jobRegistryBeanPostProcessor]? Check the corresponding BeanPostProcessor declaration and its dependencies.
2025-12-30 00:11:37 [restartedMain] INFO  com.zaxxer.hikari.HikariDataSource - HikariPool-1 - Starting...
2025-12-30 00:11:38 [restartedMain] INFO  com.zaxxer.hikari.pool.HikariPool - HikariPool-1 - Added connection com.mysql.cj.jdbc.ConnectionImpl@6886e280
2025-12-30 00:11:38 [restartedMain] INFO  com.zaxxer.hikari.HikariDataSource - HikariPool-1 - Start completed.
2025-12-30 00:11:38 [restartedMain] WARN  o.s.c.s.PostProcessorRegistrationDelegate$BeanPostProcessorChecker - Bean 'dataSourceScriptDatabaseInitializer' of type [org.springframework.boot.autoconfigure.sql.init.SqlDataSourceScriptDatabaseInitializer] is not eligible for getting processed by all BeanPostProcessors (for example: not eligible for auto-proxying). Is this bean getting eagerly injected into a currently created BeanPostProcessor [jobRegistryBeanPostProcessor]? Check the corresponding BeanPostProcessor declaration and its dependencies.
2025-12-30 00:11:38 [restartedMain] WARN  o.s.c.s.PostProcessorRegistrationDelegate$BeanPostProcessorChecker - Bean 'org.springframework.boot.autoconfigure.batch.BatchAutoConfiguration$DataSourceInitializerConfiguration' of type [org.springframework.boot.autoconfigure.batch.BatchAutoConfiguration$DataSourceInitializerConfiguration] is not eligible for getting processed by all BeanPostProcessors (for example: not eligible for auto-proxying). Is this bean getting eagerly injected into a currently created BeanPostProcessor [jobRegistryBeanPostProcessor]? Check the corresponding BeanPostProcessor declaration and its dependencies.
2025-12-30 00:11:38 [restartedMain] WARN  o.s.c.s.PostProcessorRegistrationDelegate$BeanPostProcessorChecker - Bean 'spring.batch-org.springframework.boot.autoconfigure.batch.BatchProperties' of type [org.springframework.boot.autoconfigure.batch.BatchProperties] is not eligible for getting processed by all BeanPostProcessors (for example: not eligible for auto-proxying). Is this bean getting eagerly injected into a currently created BeanPostProcessor [jobRegistryBeanPostProcessor]? Check the corresponding BeanPostProcessor declaration and its dependencies.
2025-12-30 00:11:38 [restartedMain] WARN  o.s.c.s.PostProcessorRegistrationDelegate$BeanPostProcessorChecker - Bean 'batchDataSourceInitializer' of type [org.springframework.boot.autoconfigure.batch.BatchDataSourceScriptDatabaseInitializer] is not eligible for getting processed by all BeanPostProcessors (for example: not eligible for auto-proxying). Is this bean getting eagerly injected into a currently created BeanPostProcessor [jobRegistryBeanPostProcessor]? Check the corresponding BeanPostProcessor declaration and its dependencies.
2025-12-30 00:11:38 [restartedMain] WARN  o.s.c.s.PostProcessorRegistrationDelegate$BeanPostProcessorChecker - Bean 'org.springframework.boot.devtools.autoconfigure.DevToolsDataSourceAutoConfiguration' of type [org.springframework.boot.devtools.autoconfigure.DevToolsDataSourceAutoConfiguration] is not eligible for getting processed by all BeanPostProcessors (for example: not eligible for auto-proxying). Is this bean getting eagerly injected into a currently created BeanPostProcessor [jobRegistryBeanPostProcessor]? Check the corresponding BeanPostProcessor declaration and its dependencies.
2025-12-30 00:11:38 [restartedMain] WARN  o.s.c.s.PostProcessorRegistrationDelegate$BeanPostProcessorChecker - Bean 'inMemoryDatabaseShutdownExecutor' of type [org.springframework.boot.devtools.autoconfigure.DevToolsDataSourceAutoConfiguration$NonEmbeddedInMemoryDatabaseShutdownExecutor] is not eligible for getting processed by all BeanPostProcessors (for example: not eligible for auto-proxying). Is this bean getting eagerly injected into a currently created BeanPostProcessor [jobRegistryBeanPostProcessor]? Check the corresponding BeanPostProcessor declaration and its dependencies.
2025-12-30 00:11:38 [restartedMain] WARN  o.s.c.s.PostProcessorRegistrationDelegate$BeanPostProcessorChecker - Bean 'jpaVendorAdapter' of type [org.springframework.orm.jpa.vendor.HibernateJpaVendorAdapter] is not eligible for getting processed by all BeanPostProcessors (for example: not eligible for auto-proxying). Is this bean getting eagerly injected into a currently created BeanPostProcessor [jobRegistryBeanPostProcessor]? Check the corresponding BeanPostProcessor declaration and its dependencies.
2025-12-30 00:11:38 [restartedMain] WARN  o.s.c.s.PostProcessorRegistrationDelegate$BeanPostProcessorChecker - Bean 'entityManagerFactoryBuilder' of type [org.springframework.boot.orm.jpa.EntityManagerFactoryBuilder] is not eligible for getting processed by all BeanPostProcessors (for example: not eligible for auto-proxying). Is this bean getting eagerly injected into a currently created BeanPostProcessor [jobRegistryBeanPostProcessor]? Check the corresponding BeanPostProcessor declaration and its dependencies.
2025-12-30 00:11:38 [restartedMain] WARN  o.s.c.s.PostProcessorRegistrationDelegate$BeanPostProcessorChecker - Bean 'persistenceManagedTypes' of type [org.springframework.orm.jpa.persistenceunit.SimplePersistenceManagedTypes] is not eligible for getting processed by all BeanPostProcessors (for example: not eligible for auto-proxying). Is this bean getting eagerly injected into a currently created BeanPostProcessor [jobRegistryBeanPostProcessor]? Check the corresponding BeanPostProcessor declaration and its dependencies.
2025-12-30 00:11:38 [restartedMain] INFO  o.h.jpa.internal.util.LogHelper - HHH000204: Processing PersistenceUnitInfo [name: default]
2025-12-30 00:11:38 [restartedMain] INFO  org.hibernate.Version - HHH000412: Hibernate ORM core version 6.3.1.Final
2025-12-30 00:11:38 [restartedMain] INFO  o.h.c.i.RegionFactoryInitiator - HHH000026: Second-level cache disabled
2025-12-30 00:11:39 [restartedMain] INFO  o.s.o.j.p.SpringPersistenceUnitInfo - No LoadTimeWeaver setup: ignoring JPA class transformer
2025-12-30 00:11:39 [restartedMain] WARN  org.hibernate.orm.deprecation - HHH90000025: MySQL8Dialect does not need to be specified explicitly using 'hibernate.dialect' (remove the property setting and it will be selected by default)
2025-12-30 00:11:39 [restartedMain] WARN  org.hibernate.orm.deprecation - HHH90000026: MySQL8Dialect has been deprecated; use org.hibernate.dialect.MySQLDialect instead
2025-12-30 00:11:40 [restartedMain] INFO  o.h.e.t.j.p.i.JtaPlatformInitiator - HHH000489: No JTA platform available (set 'hibernate.transaction.jta.platform' to enable JTA platform integration)
2025-12-30 00:11:40 [restartedMain] INFO  o.s.o.j.LocalContainerEntityManagerFactoryBean - Initialized JPA EntityManagerFactory for persistence unit 'default'
2025-12-30 00:11:40 [restartedMain] WARN  o.s.c.s.PostProcessorRegistrationDelegate$BeanPostProcessorChecker - Bean 'entityManagerFactory' of type [org.springframework.orm.jpa.LocalContainerEntityManagerFactoryBean] is not eligible for getting processed by all BeanPostProcessors (for example: not eligible for auto-proxying). Is this bean getting eagerly injected into a currently created BeanPostProcessor [jobRegistryBeanPostProcessor]? Check the corresponding BeanPostProcessor declaration and its dependencies.
2025-12-30 00:11:40 [restartedMain] WARN  o.s.c.s.PostProcessorRegistrationDelegate$BeanPostProcessorChecker - Bean 'entityManagerFactory' of type [jdk.proxy4.$Proxy98] is not eligible for getting processed by all BeanPostProcessors (for example: not eligible for auto-proxying). Is this bean getting eagerly injected into a currently created BeanPostProcessor [jobRegistryBeanPostProcessor]? Check the corresponding BeanPostProcessor declaration and its dependencies.
2025-12-30 00:11:40 [restartedMain] WARN  o.s.c.s.PostProcessorRegistrationDelegate$BeanPostProcessorChecker - Bean 'transactionManager' of type [org.springframework.orm.jpa.JpaTransactionManager] is not eligible for getting processed by all BeanPostProcessors (for example: not eligible for auto-proxying). Is this bean getting eagerly injected into a currently created BeanPostProcessor [jobRegistryBeanPostProcessor]? Check the corresponding BeanPostProcessor declaration and its dependencies.
2025-12-30 00:11:40 [restartedMain] WARN  o.s.c.s.PostProcessorRegistrationDelegate$BeanPostProcessorChecker - Bean 'org.springframework.boot.autoconfigure.batch.BatchAutoConfiguration$SpringBootBatchConfiguration' of type [org.springframework.boot.autoconfigure.batch.BatchAutoConfiguration$SpringBootBatchConfiguration] is not eligible for getting processed by all BeanPostProcessors (for example: not eligible for auto-proxying). The currently created BeanPostProcessor [jobRegistryBeanPostProcessor] is declared through a non-static factory method on that class; consider declaring it as static instead.
2025-12-30 00:11:41 [restartedMain] INFO  o.s.d.j.r.query.QueryEnhancerFactory - Hibernate is in classpath; If applicable, HQL parser will be used.
2025-12-30 00:11:42 [restartedMain] DEBUG o.s.b.c.c.s.JobRegistryBeanPostProcessor - Registering job: spectatorAnalysisJob
2025-12-30 00:11:43 [restartedMain] INFO  o.s.b.d.a.OptionalLiveReloadServer - LiveReload server is running on port 35729
2025-12-30 00:11:43 [restartedMain] INFO  c.e.a.AnalyseComportementSpectateursCan2025Application - Started AnalyseComportementSpectateursCan2025Application in 8.348 seconds (process running for 10.338)
2025-12-30 00:11:43 [restartedMain] INFO  o.s.b.a.b.JobLauncherApplicationRunner - Running default command line with: []
2025-12-30 00:11:43 [restartedMain] INFO  o.s.b.c.l.support.SimpleJobLauncher - Job: [SimpleJob: [name=spectatorAnalysisJob]] launched with the following parameters: [{}]
2025-12-30 00:11:43 [restartedMain] DEBUG o.s.batch.core.job.AbstractJob - Job execution starting: JobExecution: id=16, version=0, startTime=null, endTime=null, lastUpdated=2025-12-30T00:11:43.136416300, status=STARTING, exitStatus=exitCode=UNKNOWN;exitDescription=, job=[JobInstance: id=1, version=0, Job=[spectatorAnalysisJob]], jobParameters=[{}]
2025-12-30 00:11:43 [restartedMain] INFO  o.s.batch.core.job.SimpleStepHandler - Step already complete or not restartable, so no action to execute: StepExecution: id=10, version=3, name=processJsonStep, status=COMPLETED, exitStatus=COMPLETED, readCount=0, filterCount=0, writeCount=0 readSkipCount=1, writeSkipCount=0, processSkipCount=0, commitCount=1, rollbackCount=0, exitDescription=
2025-12-30 00:11:43 [restartedMain] INFO  o.s.batch.core.job.SimpleStepHandler - Step already complete or not restartable, so no action to execute: StepExecution: id=15, version=3, name=processXmlStep, status=COMPLETED, exitStatus=COMPLETED, readCount=8, filterCount=0, writeCount=8 readSkipCount=0, writeSkipCount=0, processSkipCount=0, commitCount=1, rollbackCount=0, exitDescription=
2025-12-30 00:11:43 [restartedMain] DEBUG o.s.batch.core.job.AbstractJob - Upgrading JobExecution status: StepExecution: id=15, version=3, name=processXmlStep, status=COMPLETED, exitStatus=COMPLETED, readCount=8, filterCount=0, writeCount=8 readSkipCount=0, writeSkipCount=0, processSkipCount=0, commitCount=1, rollbackCount=0, exitDescription=
2025-12-30 00:11:43 [restartedMain] DEBUG o.s.batch.core.job.AbstractJob - Job execution complete: JobExecution: id=16, version=1, startTime=2025-12-30T00:11:43.196412500, endTime=null, lastUpdated=2025-12-30T00:11:43.197413900, status=COMPLETED, exitStatus=exitCode=COMPLETED;exitDescription=, job=[JobInstance: id=1, version=0, Job=[spectatorAnalysisJob]], jobParameters=[{}]
2025-12-30 00:11:43 [restartedMain] INFO  c.e.a.service.StatisticService - Début du calcul des statistiques dérivées
2025-12-30 00:11:43 [restartedMain] DEBUG org.hibernate.SQL - 
    select
        count(s1_0.spectator_id) 
    from
        spectators s1_0
2025-12-30 00:11:43 [restartedMain] DEBUG org.hibernate.SQL - 
    select
        s1_0.id,
        s1_0.calculated_at,
        s1_0.description,
        s1_0.stat_name,
        s1_0.stat_type,
        s1_0.stat_value 
    from
        statistics s1_0 
    where
        s1_0.stat_name=?
2025-12-30 00:11:43 [restartedMain] DEBUG org.hibernate.SQL - 
    insert 
    into
        statistics
        (calculated_at, description, stat_name, stat_type, stat_value) 
    values
        (?, ?, ?, ?, ?)
2025-12-30 00:11:43 [restartedMain] DEBUG org.hibernate.SQL - 
    select
        s1_0.nationality,
        count(s1_0.spectator_id) 
    from
        spectators s1_0 
    group by
        s1_0.nationality
2025-12-30 00:11:43 [restartedMain] DEBUG org.hibernate.SQL - 
    select
        s1_0.id,
        s1_0.calculated_at,
        s1_0.description,
        s1_0.stat_name,
        s1_0.stat_type,
        s1_0.stat_value 
    from
        statistics s1_0 
    where
        s1_0.stat_name=?
2025-12-30 00:11:43 [restartedMain] DEBUG org.hibernate.SQL - 
    insert 
    into
        statistics
        (calculated_at, description, stat_name, stat_type, stat_value) 
    values
        (?, ?, ?, ?, ?)
2025-12-30 00:11:43 [restartedMain] DEBUG org.hibernate.SQL - 
    select
        e1_0.ticket_type,
        count(e1_0.id) 
    from
        entries e1_0 
    group by
        e1_0.ticket_type
2025-12-30 00:11:43 [restartedMain] DEBUG org.hibernate.SQL - 
    select
        s1_0.id,
        s1_0.calculated_at,
        s1_0.description,
        s1_0.stat_name,
        s1_0.stat_type,
        s1_0.stat_value 
    from
        statistics s1_0 
    where
        s1_0.stat_name=?
2025-12-30 00:11:43 [restartedMain] DEBUG org.hibernate.SQL - 
    insert 
    into
        statistics
        (calculated_at, description, stat_name, stat_type, stat_value) 
    values
        (?, ?, ?, ?, ?)
2025-12-30 00:11:43 [restartedMain] DEBUG org.hibernate.SQL - 
    select
        e1_0.gate,
        count(e1_0.id) 
    from
        entries e1_0 
    group by
        e1_0.gate
2025-12-30 00:11:43 [restartedMain] DEBUG org.hibernate.SQL - 
    select
        s1_0.id,
        s1_0.calculated_at,
        s1_0.description,
        s1_0.stat_name,
        s1_0.stat_type,
        s1_0.stat_value 
    from
        statistics s1_0 
    where
        s1_0.stat_name=?
2025-12-30 00:11:43 [restartedMain] DEBUG org.hibernate.SQL - 
    insert 
    into
        statistics
        (calculated_at, description, stat_name, stat_type, stat_value) 
    values
        (?, ?, ?, ?, ?)
2025-12-30 00:11:43 [restartedMain] DEBUG org.hibernate.SQL - 
    select
        avg(hour(e1_0.entry_time)) 
    from
        entries e1_0
2025-12-30 00:11:43 [restartedMain] DEBUG org.hibernate.SQL - 
    select
        s1_0.id,
        s1_0.calculated_at,
        s1_0.description,
        s1_0.stat_name,
        s1_0.stat_type,
        s1_0.stat_value 
    from
        statistics s1_0 
    where
        s1_0.stat_name=?
2025-12-30 00:11:43 [restartedMain] DEBUG org.hibernate.SQL - 
    insert 
    into
        statistics
        (calculated_at, description, stat_name, stat_type, stat_value) 
    values
        (?, ?, ?, ?, ?)
2025-12-30 00:11:43 [restartedMain] DEBUG org.hibernate.SQL - 
    select
        s1_0.spectator_id,
        s1_0.age,
        s1_0.category,
        s1_0.nationality,
        s1_0.total_matches 
    from
        spectators s1_0 
    where
        s1_0.category=?
2025-12-30 00:11:43 [restartedMain] DEBUG org.hibernate.SQL - 
    select
        s1_0.spectator_id,
        s1_0.age,
        s1_0.category,
        s1_0.nationality,
        s1_0.total_matches 
    from
        spectators s1_0 
    where
        s1_0.category=?
2025-12-30 00:11:43 [restartedMain] DEBUG org.hibernate.SQL - 
    select
        s1_0.spectator_id,
        s1_0.age,
        s1_0.category,
        s1_0.nationality,
        s1_0.total_matches 
    from
        spectators s1_0 
    where
        s1_0.category=?
2025-12-30 00:11:43 [restartedMain] DEBUG org.hibernate.SQL - 
    select
        s1_0.spectator_id,
        s1_0.age,
        s1_0.category,
        s1_0.nationality,
        s1_0.total_matches 
    from
        spectators s1_0 
    where
        s1_0.category=?
2025-12-30 00:11:43 [restartedMain] DEBUG org.hibernate.SQL - 
    select
        s1_0.id,
        s1_0.calculated_at,
        s1_0.description,
        s1_0.stat_name,
        s1_0.stat_type,
        s1_0.stat_value 
    from
        statistics s1_0 
    where
        s1_0.stat_name=?
2025-12-30 00:11:43 [restartedMain] DEBUG org.hibernate.SQL - 
    insert 
    into
        statistics
        (calculated_at, description, stat_name, stat_type, stat_value) 
    values
        (?, ?, ?, ?, ?)
2025-12-30 00:11:43 [restartedMain] DEBUG org.hibernate.SQL - 
    select
        s1_0.spectator_id,
        s1_0.age,
        s1_0.category,
        s1_0.nationality,
        s1_0.total_matches 
    from
        spectators s1_0 
    order by
        s1_0.total_matches desc
2025-12-30 00:11:43 [restartedMain] DEBUG org.hibernate.SQL - 
    select
        s1_0.id,
        s1_0.calculated_at,
        s1_0.description,
        s1_0.stat_name,
        s1_0.stat_type,
        s1_0.stat_value 
    from
        statistics s1_0 
    where
        s1_0.stat_name=?
2025-12-30 00:11:43 [restartedMain] DEBUG org.hibernate.SQL - 
    insert 
    into
        statistics
        (calculated_at, description, stat_name, stat_type, stat_value) 
    values
        (?, ?, ?, ?, ?)
2025-12-30 00:11:43 [restartedMain] DEBUG org.hibernate.SQL - 
    select
        e1_0.tribune,
        count(e1_0.id) 
    from
        entries e1_0 
    where
        e1_0.tribune is not null 
    group by
        e1_0.tribune
2025-12-30 00:11:43 [restartedMain] DEBUG org.hibernate.SQL - 
    select
        s1_0.id,
        s1_0.calculated_at,
        s1_0.description,
        s1_0.stat_name,
        s1_0.stat_type,
        s1_0.stat_value 
    from
        statistics s1_0 
    where
        s1_0.stat_name=?
2025-12-30 00:11:43 [restartedMain] DEBUG org.hibernate.SQL - 
    insert 
    into
        statistics
        (calculated_at, description, stat_name, stat_type, stat_value) 
    values
        (?, ?, ?, ?, ?)
2025-12-30 00:11:43 [restartedMain] DEBUG org.hibernate.SQL - 
    select
        e1_0.match_id,
        count(e1_0.id) 
    from
        entries e1_0 
    group by
        e1_0.match_id
2025-12-30 00:11:43 [restartedMain] DEBUG org.hibernate.SQL - 
    select
        s1_0.id,
        s1_0.calculated_at,
        s1_0.description,
        s1_0.stat_name,
        s1_0.stat_type,
        s1_0.stat_value 
    from
        statistics s1_0 
    where
        s1_0.stat_name=?
2025-12-30 00:11:43 [restartedMain] DEBUG org.hibernate.SQL - 
    insert 
    into
        statistics
        (calculated_at, description, stat_name, stat_type, stat_value) 
    values
        (?, ?, ?, ?, ?)
2025-12-30 00:11:43 [restartedMain] DEBUG org.hibernate.SQL - 
    select
        min(e1_0.entry_time),
        max(e1_0.entry_time) 
    from
        entries e1_0
2025-12-30 00:11:43 [restartedMain] DEBUG org.hibernate.SQL - 
    select
        s1_0.id,
        s1_0.calculated_at,
        s1_0.description,
        s1_0.stat_name,
        s1_0.stat_type,
        s1_0.stat_value 
    from
        statistics s1_0 
    where
        s1_0.stat_name=?
2025-12-30 00:11:43 [restartedMain] DEBUG org.hibernate.SQL - 
    insert 
    into
        statistics
        (calculated_at, description, stat_name, stat_type, stat_value) 
    values
        (?, ?, ?, ?, ?)
2025-12-30 00:11:43 [restartedMain] DEBUG org.hibernate.SQL - 
    select
        e1_0.match_id,
        count(e1_0.id) 
    from
        entries e1_0 
    group by
        e1_0.match_id
2025-12-30 00:11:43 [restartedMain] DEBUG org.hibernate.SQL - 
    select
        s1_0.spectator_id,
        s1_0.age,
        s1_0.category,
        s1_0.nationality,
        s1_0.total_matches 
    from
        spectators s1_0
2025-12-30 00:11:43 [restartedMain] DEBUG org.hibernate.SQL - 
    select
        s1_0.id,
        s1_0.calculated_at,
        s1_0.description,
        s1_0.stat_name,
        s1_0.stat_type,
        s1_0.stat_value 
    from
        statistics s1_0 
    where
        s1_0.stat_name=?
2025-12-30 00:11:43 [restartedMain] DEBUG org.hibernate.SQL - 
    insert 
    into
        statistics
        (calculated_at, description, stat_name, stat_type, stat_value) 
    values
        (?, ?, ?, ?, ?)
2025-12-30 00:11:43 [restartedMain] INFO  c.e.a.service.StatisticService - Calcul des statistiques terminé avec succès
2025-12-30 00:11:43 [restartedMain] INFO  o.s.b.c.l.support.SimpleJobLauncher - Job: [SimpleJob: [name=spectatorAnalysisJob]] completed with the following parameters: [{}] and the following status: [COMPLETED] in 63ms
2025-12-30 00:11:43 [SpringApplicationShutdownHook] WARN  o.s.b.f.s.DisposableBeanAdapter - Custom destroy method 'close' on bean with name 'jsonItemReader' propagated an exception: org.springframework.batch.item.ItemStreamException: Error while closing item reader
2025-12-30 00:11:43 [SpringApplicationShutdownHook] DEBUG o.s.b.c.c.s.JobRegistryBeanPostProcessor - Unregistering job: spectatorAnalysisJob
2025-12-30 00:11:43 [SpringApplicationShutdownHook] INFO  o.s.o.j.LocalContainerEntityManagerFactoryBean - Closing JPA EntityManagerFactory for persistence unit 'default'
2025-12-30 00:11:43 [SpringApplicationShutdownHook] INFO  com.zaxxer.hikari.HikariDataSource - HikariPool-1 - Shutdown initiated...
2025-12-30 00:11:43 [SpringApplicationShutdownHook] INFO  com.zaxxer.hikari.HikariDataSource - HikariPool-1 - Shutdown completed.
